wrapper  | --> Wrapper Started as Daemon
wrapper  | Launching a JVM...
jvm 1    | Wrapper (Version 3.2.3) http://wrapper.tanukisoftware.org
jvm 1    |   Copyright 1999-2006 Tanuki Software, Inc.  All Rights Reserved.
jvm 1    | 
jvm 1    | 2018-12-03 10:02:46,658+0000 INFO  [WrapperListener_start_runner]  org.sonatype.nexus.bootstrap.jsw.JswLauncher - Starting with arguments: [./conf/jetty.xml, ./conf/jetty-requestlog.xml]
jvm 1    | 2018-12-03 10:02:46,664+0000 INFO  [WrapperListener_start_runner]  org.sonatype.nexus.bootstrap.jsw.JswLauncher - JVM ID: 1, JVM PID: 14817, Wrapper PID: 14815, User: root
jvm 1    | 2018-12-03 10:02:46,776+0000 INFO  [WrapperListener_start_runner]  org.sonatype.nexus.bootstrap.ConfigurationBuilder - Properties:
jvm 1    | 2018-12-03 10:02:46,776+0000 INFO  [WrapperListener_start_runner]  org.sonatype.nexus.bootstrap.ConfigurationBuilder -   application-conf='/root/DevOpsTraning/my-app/nexus-2.14.11-01/../sonatype-work/nexus/conf'
jvm 1    | 2018-12-03 10:02:46,776+0000 INFO  [WrapperListener_start_runner]  org.sonatype.nexus.bootstrap.ConfigurationBuilder -   application-host='0.0.0.0'
jvm 1    | 2018-12-03 10:02:46,776+0000 INFO  [WrapperListener_start_runner]  org.sonatype.nexus.bootstrap.ConfigurationBuilder -   application-port='8081'
jvm 1    | 2018-12-03 10:02:46,776+0000 INFO  [WrapperListener_start_runner]  org.sonatype.nexus.bootstrap.ConfigurationBuilder -   bundleBasedir='/root/DevOpsTraning/my-app/nexus-2.14.11-01'
jvm 1    | 2018-12-03 10:02:46,776+0000 INFO  [WrapperListener_start_runner]  org.sonatype.nexus.bootstrap.ConfigurationBuilder -   java.awt.headless='true'
jvm 1    | 2018-12-03 10:02:46,777+0000 INFO  [WrapperListener_start_runner]  org.sonatype.nexus.bootstrap.ConfigurationBuilder -   networkaddress.cache.ttl='3600'
jvm 1    | 2018-12-03 10:02:46,777+0000 INFO  [WrapperListener_start_runner]  org.sonatype.nexus.bootstrap.ConfigurationBuilder -   nexus-app='/root/DevOpsTraning/my-app/nexus-2.14.11-01/nexus/WEB-INF'
jvm 1    | 2018-12-03 10:02:46,777+0000 INFO  [WrapperListener_start_runner]  org.sonatype.nexus.bootstrap.ConfigurationBuilder -   nexus-webapp='/root/DevOpsTraning/my-app/nexus-2.14.11-01/nexus'
jvm 1    | 2018-12-03 10:02:46,777+0000 INFO  [WrapperListener_start_runner]  org.sonatype.nexus.bootstrap.ConfigurationBuilder -   nexus-webapp-context-path='/nexus'
jvm 1    | 2018-12-03 10:02:46,777+0000 INFO  [WrapperListener_start_runner]  org.sonatype.nexus.bootstrap.ConfigurationBuilder -   nexus-work='/root/DevOpsTraning/my-app/sonatype-work/nexus'
jvm 1    | 2018-12-03 10:02:46,777+0000 INFO  [WrapperListener_start_runner]  org.sonatype.nexus.bootstrap.ConfigurationBuilder -   org.eclipse.ecf.provider.filetransfer.retrieve.readTimeout='30000'
jvm 1    | 2018-12-03 10:02:46,777+0000 INFO  [WrapperListener_start_runner]  org.sonatype.nexus.bootstrap.ConfigurationBuilder -   runtime='/root/DevOpsTraning/my-app/nexus-2.14.11-01/nexus/WEB-INF'
jvm 1    | 2018-12-03 10:02:46,777+0000 INFO  [WrapperListener_start_runner]  org.sonatype.nexus.bootstrap.ConfigurationBuilder -   security-xml-file='/root/DevOpsTraning/my-app/nexus-2.14.11-01/../sonatype-work/nexus/conf/security.xml'
jvm 1    | 2018-12-03 10:02:46,777+0000 INFO  [WrapperListener_start_runner]  org.sonatype.nexus.bootstrap.ConfigurationBuilder -   storage.diskCache.bufferSize='4096'
jvm 1    | 2018-12-03 10:02:46,778+0000 INFO  [WrapperListener_start_runner]  org.sonatype.nexus.bootstrap.Launcher - Java: 1.8.0_191, OpenJDK 64-Bit Server VM, Oracle Corporation, 25.191-b12
jvm 1    | 2018-12-03 10:02:46,780+0000 INFO  [WrapperListener_start_runner]  org.sonatype.nexus.bootstrap.Launcher - OS: Linux, 3.10.0-693.17.1.el7.x86_64, amd64
jvm 1    | 2018-12-03 10:02:46,780+0000 INFO  [WrapperListener_start_runner]  org.sonatype.nexus.bootstrap.Launcher - User: root, en, /root
jvm 1    | 2018-12-03 10:02:46,781+0000 INFO  [WrapperListener_start_runner]  org.sonatype.nexus.bootstrap.Launcher - CWD: /root/DevOpsTraning/my-app/nexus-2.14.11-01
jvm 1    | 2018-12-03 10:02:46,807+0000 INFO  [WrapperListener_start_runner]  org.sonatype.nexus.bootstrap.Launcher - TMP: /root/DevOpsTraning/my-app/nexus-2.14.11-01/tmp
jvm 1    | 2018-12-03 10:02:46,809+0000 INFO  [WrapperListener_start_runner]  org.sonatype.nexus.bootstrap.jetty.JettyServer - Starting
jvm 1    | 2018-12-03 10:02:46,821+0000 INFO  [WrapperListener_start_runner]  org.sonatype.nexus.bootstrap.jetty.JettyServer - Applying configuration: file:/root/DevOpsTraning/my-app/nexus-2.14.11-01/conf/jetty.xml
jvm 1    | 2018-12-03 10:02:47,137+0000 INFO  [WrapperListener_start_runner]  org.sonatype.nexus.bootstrap.jetty.JettyServer - Applying configuration: file:/root/DevOpsTraning/my-app/nexus-2.14.11-01/conf/jetty-requestlog.xml
jvm 1    | 2018-12-03 10:02:47,153+0000 INFO  [jetty-main-1]  org.sonatype.nexus.bootstrap.jetty.JettyServer - Starting: org.eclipse.jetty.server.Server@61b3f3cf
jvm 1    | 2018-12-03 10:02:47,156+0000 INFO  [jetty-main-1]  org.eclipse.jetty.server.Server - jetty-8.1.16.v20140903
jvm 1    | 2018-12-03 10:02:47,902+0000 INFO  [jetty-main-1]  org.sonatype.nexus.webapp.WebappBootstrap - Initializing
jvm 1    | 2018-12-03 10:02:47,903+0000 INFO  [jetty-main-1]  org.sonatype.nexus.webapp.WebappBootstrap - Using bootstrap launcher configuration
jvm 1    | 2018-12-03 10:02:48,957+0000 INFO  [jetty-main-1]  org.sonatype.nexus.webapp.metrics.MetricsModule - Metrics support configured
jvm 1    | 2018-12-03 10:02:50,630+0000 INFO  [jetty-main-1]  org.sonatype.sisu.goodies.eventbus.internal.DefaultEventBus - Using Reentrant Guava EventBus
jvm 1    | 2018-12-03 10:02:50,741+0000 WARN  [jetty-main-1]  org.sonatype.security.configuration.source.FileSecurityConfigurationSource - No configuration file in place, copying the default one and continuing with it.
jvm 1    | 2018-12-03 10:02:50,767+0000 INFO  [jetty-main-1]  org.sonatype.security.configuration.source.FileSecurityConfigurationSource - Loading Security configuration from /root/DevOpsTraning/my-app/nexus-2.14.11-01/../sonatype-work/nexus/conf/security-configuration.xml
jvm 1    | 2018-12-03 10:02:50,802+0000 INFO  [jetty-main-1]  org.sonatype.sisu.ehcache.CacheManagerComponentImpl - Loading configuration from: file:/root/DevOpsTraning/my-app/nexus-2.14.11-01/nexus/WEB-INF/classes/ehcache.xml
jvm 1    | 2018-12-03 10:02:50,969+0000 INFO  [jetty-main-1]  com.thoughtworks.xstream.XStream - Version: 1.4.6-SONATYPE-03, white-list support available
jvm 1    | 2018-12-03 10:02:51,059+0000 INFO  [jetty-main-1]  org.sonatype.nexus.proxy.registry.DefaultRepositoryTypeRegistry - Registered default repository types.
jvm 1    | 2018-12-03 10:02:51,249+0000 INFO  [jetty-main-1]  org.sonatype.nexus.events.EventSubscriberHost - Initialized
jvm 1    | 2018-12-03 10:02:51,254+0000 INFO  [jetty-main-1]  org.sonatype.nexus.NxApplication - 
jvm 1    | -------------------------------------------------
jvm 1    | 
jvm 1    | Initializing Nexus Repository Manager OSS 2.14.11-01
jvm 1    | 
jvm 1    | -------------------------------------------------
jvm 1    | 2018-12-03 10:02:51,255+0000 INFO  [jetty-main-1]  org.sonatype.nexus.NxApplication - Activating locally installed plugins...
jvm 1    | 2018-12-03 10:02:53,787+0000 INFO  [jetty-main-1]  org.sonatype.nexus.plugins.bcprov.CryptoPlugin - Unlimited strength JCE policy detected
jvm 1    | 2018-12-03 10:02:54,249+0000 INFO  [jetty-main-1]  org.sonatype.nexus.kazuki.KazukiPlugin - Kazuki version: 0.1.8
jvm 1    | 2018-12-03 10:02:55,744+0000 INFO  [jetty-main-1]  com.sun.jersey.server.impl.application.WebApplicationImpl - Initiating Jersey application, version 'Jersey: 1.17.1 02/28/2013 12:47 PM'
jvm 1    | 2018-12-03 10:02:58,330+0000 INFO  [jetty-main-1]  org.sonatype.nexus.proxy.registry.DefaultRepositoryTypeRegistry - Registered Repository type RepositoryType=(org.sonatype.nexus.proxy.repository.GroupRepository:rubygems-group).
jvm 1    | 2018-12-03 10:02:58,331+0000 INFO  [jetty-main-1]  org.sonatype.nexus.proxy.registry.DefaultRepositoryTypeRegistry - Registered Repository type RepositoryType=(org.sonatype.nexus.proxy.repository.Repository:rubygems-proxy).
jvm 1    | 2018-12-03 10:02:58,331+0000 INFO  [jetty-main-1]  org.sonatype.nexus.proxy.registry.DefaultRepositoryTypeRegistry - Registered Repository type RepositoryType=(org.sonatype.nexus.proxy.repository.Repository:rubygems-hosted).
jvm 1    | 2018-12-03 10:03:00,215+0000 INFO  [jetty-main-1]  org.sonatype.nexus.proxy.registry.DefaultRepositoryTypeRegistry - Registered Repository type RepositoryType=(org.sonatype.nexus.proxy.repository.ShadowRepository:nuget-shadow).
jvm 1    | 2018-12-03 10:03:00,215+0000 INFO  [jetty-main-1]  org.sonatype.nexus.proxy.registry.DefaultRepositoryTypeRegistry - Registered Repository type RepositoryType=(org.sonatype.nexus.proxy.repository.GroupRepository:nuget-group).
jvm 1    | 2018-12-03 10:03:00,215+0000 INFO  [jetty-main-1]  org.sonatype.nexus.proxy.registry.DefaultRepositoryTypeRegistry - Registered Repository type RepositoryType=(org.sonatype.nexus.proxy.repository.Repository:nuget-proxy).
jvm 1    | 2018-12-03 10:03:00,358+0000 INFO  [jetty-main-1]  org.sonatype.nexus.proxy.registry.DefaultRepositoryTypeRegistry - Registered Repository type RepositoryType=(org.sonatype.nexus.proxy.repository.GroupRepository:npm-group).
jvm 1    | 2018-12-03 10:03:00,358+0000 INFO  [jetty-main-1]  org.sonatype.nexus.proxy.registry.DefaultRepositoryTypeRegistry - Registered Repository type RepositoryType=(org.sonatype.nexus.proxy.repository.Repository:npm-proxy).
jvm 1    | 2018-12-03 10:03:00,358+0000 INFO  [jetty-main-1]  org.sonatype.nexus.proxy.registry.DefaultRepositoryTypeRegistry - Registered Repository type RepositoryType=(org.sonatype.nexus.proxy.repository.Repository:npm-hosted).
jvm 1    | 2018-12-03 10:03:02,116+0000 INFO  [jetty-main-1]  org.sonatype.nexus.proxy.registry.DefaultRepositoryTypeRegistry - Registered Repository type RepositoryType=(org.sonatype.nexus.proxy.repository.WebSiteRepository:site).
jvm 1    | 2018-12-03 10:03:02,409+0000 INFO  [jetty-main-1]  org.sonatype.nexus.NxApplication - Plugin manager request "ACTIVATE" on plugin "org.sonatype.nexus.plugins:nexus-orient-plugin:2.14.11-01" was successful.
jvm 1    | 2018-12-03 10:03:02,409+0000 INFO  [jetty-main-1]  org.sonatype.nexus.NxApplication - Plugin manager request "ACTIVATE" on plugin "org.sonatype.nexus.plugins:nexus-kazuki-plugin:2.14.11-01" was successful.
jvm 1    | 2018-12-03 10:03:02,409+0000 INFO  [jetty-main-1]  org.sonatype.nexus.NxApplication - Plugin manager request "ACTIVATE" on plugin "com.sonatype.nexus.plugins:nexus-outreach-plugin:2.14.11-01" was successful.
jvm 1    | 2018-12-03 10:03:02,409+0000 INFO  [jetty-main-1]  org.sonatype.nexus.NxApplication - Plugin manager request "ACTIVATE" on plugin "org.sonatype.nexus.plugins:nexus-ruby-plugin:2.14.11-01" was successful.
jvm 1    | 2018-12-03 10:03:02,409+0000 INFO  [jetty-main-1]  org.sonatype.nexus.NxApplication - Plugin manager request "ACTIVATE" on plugin "org.sonatype.nexus.plugins:nexus-logging-plugin:2.14.11-01" was successful.
jvm 1    | 2018-12-03 10:03:02,409+0000 INFO  [jetty-main-1]  org.sonatype.nexus.NxApplication - Plugin manager request "ACTIVATE" on plugin "org.sonatype.nexus.plugins:nexus-indexer-lucene-plugin:2.14.11-01" was successful.
jvm 1    | 2018-12-03 10:03:02,410+0000 INFO  [jetty-main-1]  org.sonatype.nexus.NxApplication - Plugin manager request "ACTIVATE" on plugin "org.sonatype.nexus.plugins:nexus-atlas-plugin:2.14.11-01" was successful.
jvm 1    | 2018-12-03 10:03:02,410+0000 INFO  [jetty-main-1]  org.sonatype.nexus.NxApplication - Plugin manager request "ACTIVATE" on plugin "org.sonatype.nexus.plugins:nexus-capabilities-plugin:2.14.11-01" was successful.
jvm 1    | 2018-12-03 10:03:02,410+0000 INFO  [jetty-main-1]  org.sonatype.nexus.NxApplication - Plugin manager request "ACTIVATE" on plugin "org.sonatype.nexus.plugins:nexus-maven-bridge-plugin:2.14.11-01" was successful.
jvm 1    | 2018-12-03 10:03:02,410+0000 INFO  [jetty-main-1]  org.sonatype.nexus.NxApplication - Plugin manager request "ACTIVATE" on plugin "org.sonatype.nexus.plugins:nexus-archetype-plugin:2.14.11-01" was successful.
jvm 1    | 2018-12-03 10:03:02,410+0000 INFO  [jetty-main-1]  org.sonatype.nexus.NxApplication - Plugin manager request "ACTIVATE" on plugin "org.sonatype.nexus.plugins:nexus-rutauth-plugin:2.14.11-01" was successful.
jvm 1    | 2018-12-03 10:03:02,410+0000 INFO  [jetty-main-1]  org.sonatype.nexus.NxApplication - Plugin manager request "ACTIVATE" on plugin "org.sonatype.nexus.plugins:nexus-groovy-plugin:2.14.11-01" was successful.
jvm 1    | 2018-12-03 10:03:02,410+0000 INFO  [jetty-main-1]  org.sonatype.nexus.NxApplication - Plugin manager request "ACTIVATE" on plugin "org.sonatype.nexus.plugins:nexus-h2-plugin:2.14.11-01" was successful.
jvm 1    | 2018-12-03 10:03:02,410+0000 INFO  [jetty-main-1]  org.sonatype.nexus.NxApplication - Plugin manager request "ACTIVATE" on plugin "org.sonatype.nexus.plugins:nexus-rrb-plugin:2.14.11-01" was successful.
jvm 1    | 2018-12-03 10:03:02,410+0000 INFO  [jetty-main-1]  org.sonatype.nexus.NxApplication - Plugin manager request "ACTIVATE" on plugin "org.sonatype.nexus.plugins:nexus-content-plugin:2.14.11-01" was successful.
jvm 1    | 2018-12-03 10:03:02,410+0000 INFO  [jetty-main-1]  org.sonatype.nexus.NxApplication - Plugin manager request "ACTIVATE" on plugin "org.sonatype.nexus.plugins:nexus-lvo-plugin:2.14.11-01" was successful.
jvm 1    | 2018-12-03 10:03:02,410+0000 INFO  [jetty-main-1]  org.sonatype.nexus.NxApplication - Plugin manager request "ACTIVATE" on plugin "com.sonatype.nexus.plugins:nexus-migrationagent-plugin:2.14.11-01" was successful.
jvm 1    | 2018-12-03 10:03:02,410+0000 INFO  [jetty-main-1]  org.sonatype.nexus.NxApplication - Plugin manager request "ACTIVATE" on plugin "com.sonatype.nexus.plugins:nexus-analytics-plugin:2.14.11-01" was successful.
jvm 1    | 2018-12-03 10:03:02,410+0000 INFO  [jetty-main-1]  org.sonatype.nexus.NxApplication - Plugin manager request "ACTIVATE" on plugin "org.sonatype.nexus.plugins:nexus-npm-repository-plugin:2.14.11-01" was successful.
jvm 1    | 2018-12-03 10:03:02,410+0000 INFO  [jetty-main-1]  org.sonatype.nexus.NxApplication - Plugin manager request "ACTIVATE" on plugin "com.sonatype.nexus.plugins:nexus-nuget-plugin:2.14.11-01" was successful.
jvm 1    | 2018-12-03 10:03:02,411+0000 INFO  [jetty-main-1]  org.sonatype.nexus.NxApplication - Plugin manager request "ACTIVATE" on plugin "org.sonatype.nexus.plugins:nexus-yum-repository-plugin:2.14.11-01" was successful.
jvm 1    | 2018-12-03 10:03:02,411+0000 INFO  [jetty-main-1]  org.sonatype.nexus.NxApplication - Plugin manager request "ACTIVATE" on plugin "org.sonatype.nexus.plugins:nexus-restlet1x-plugin:2.14.11-01" was successful.
jvm 1    | 2018-12-03 10:03:02,411+0000 INFO  [jetty-main-1]  org.sonatype.nexus.NxApplication - Plugin manager request "ACTIVATE" on plugin "org.sonatype.nexus.plugins:nexus-crypto-plugin:2.14.11-01" was successful.
jvm 1    | 2018-12-03 10:03:02,411+0000 INFO  [jetty-main-1]  org.sonatype.nexus.NxApplication - Plugin manager request "ACTIVATE" on plugin "org.sonatype.nexus.plugins:nexus-wonderland-plugin:2.14.11-01" was successful.
jvm 1    | 2018-12-03 10:03:02,411+0000 INFO  [jetty-main-1]  org.sonatype.nexus.NxApplication - Plugin manager request "ACTIVATE" on plugin "org.sonatype.nexus.plugins:nexus-ldap-realm-plugin:2.14.11-01" was successful.
jvm 1    | 2018-12-03 10:03:02,411+0000 INFO  [jetty-main-1]  org.sonatype.nexus.NxApplication - Plugin manager request "ACTIVATE" on plugin "org.sonatype.nexus.plugins:nexus-site-repository-plugin:2.14.11-01" was successful.
jvm 1    | 2018-12-03 10:03:02,411+0000 INFO  [jetty-main-1]  org.sonatype.nexus.NxApplication - Plugin manager request "ACTIVATE" on plugin "org.sonatype.nexus.plugins:nexus-ui-extjs3-plugin:2.14.11-01" was successful.
jvm 1    | 2018-12-03 10:03:02,411+0000 INFO  [jetty-main-1]  org.sonatype.nexus.NxApplication - Plugin manager request "ACTIVATE" on plugin "org.sonatype.nexus.plugins:nexus-webresources-plugin:2.14.11-01" was successful.
jvm 1    | 2018-12-03 10:03:02,411+0000 INFO  [jetty-main-1]  org.sonatype.nexus.NxApplication - Plugin manager request "ACTIVATE" on plugin "org.sonatype.nexus.plugins:nexus-plugin-console-plugin:2.14.11-01" was successful.
jvm 1    | 2018-12-03 10:03:02,411+0000 INFO  [jetty-main-1]  org.sonatype.nexus.NxApplication - Plugin manager request "ACTIVATE" on plugin "org.sonatype.nexus.plugins:nexus-siesta-plugin:2.14.11-01" was successful.
jvm 1    | 2018-12-03 10:03:02,411+0000 INFO  [jetty-main-1]  org.sonatype.nexus.NxApplication - Plugin manager request "ACTIVATE" on plugin "com.sonatype.nexus.plugins:nexus-iq-repository-oss-plugin:2.14.11-01" was successful.
jvm 1    | 2018-12-03 10:03:02,411+0000 INFO  [jetty-main-1]  org.sonatype.nexus.NxApplication - Plugin manager request "ACTIVATE" on plugin "org.sonatype.nexus.plugins:nexus-timeline-plugin:2.14.11-01" was successful.
jvm 1    | 2018-12-03 10:03:02,411+0000 INFO  [jetty-main-1]  org.sonatype.nexus.events.EventSubscriberHost - Starting
jvm 1    | 2018-12-03 10:03:02,468+0000 INFO  [jetty-main-1]  org.sonatype.nexus.timeline.DefaultNexusTimeline - Initializing Nexus Timeline...
jvm 1    | 2018-12-03 10:03:02,470+0000 INFO  [jetty-main-1]  org.sonatype.nexus.timeline.DefaultNexusTimeline - Starting Nexus Timeline...
jvm 1    | 2018-12-03 10:03:02,635+0000 INFO  [jetty-main-1]  org.sonatype.timeline.internal.DefaultTimeline - Started Timeline...
jvm 1    | 2018-12-03 10:03:03,114+0000 INFO  [jetty-main-1]  org.sonatype.nexus.apachehttpclient.Hc4ProviderImpl - Started (connectionPoolMaxSize 200, connectionPoolSize 20, connectionPoolIdleTime 30000 ms, connectionPoolTimeout 30000 ms, keepAliveMaxDuration 30000 ms)
jvm 1    | 2018-12-03 10:03:03,488+0000 INFO  [jetty-main-1]  org.sonatype.nexus.orient.DatabaseServerImpl - OrientDB version: 2.1.14
jvm 1    | 2018-12-03 10:03:03,506+0000 INFO  [jetty-main-1]  com.orientechnologies.orient.server.OServer - OrientDB Server v2.1.14 is starting up...
jvm 1    | 2018-12-03 10:03:03,513+0000 INFO  [jetty-main-1]  com.orientechnologies.orient.server.OServer - Databases directory: /root/DevOpsTraning/my-app/sonatype-work/nexus/db
jvm 1    | 2018-12-03 10:03:03,524+0000 INFO  [jetty-main-1]  com.orientechnologies.orient.server.handler.OJMXPlugin - JMX plugin installed and active: profilerManaged=true
jvm 1    | 2018-12-03 10:03:03,525+0000 INFO  [jetty-main-1]  com.orientechnologies.orient.server.OServer - OrientDB Server v2.1.14 is active.
jvm 1    | 2018-12-03 10:03:03,525+0000 INFO  [jetty-main-1]  org.sonatype.nexus.orient.DatabaseServerImpl - Activated
jvm 1    | 2018-12-03 10:03:03,526+0000 INFO  [jetty-main-1]  org.sonatype.nexus.configuration.application.DefaultNexusConfiguration - Loading Nexus Configuration...
jvm 1    | 2018-12-03 10:03:03,539+0000 INFO  [jetty-main-1]  org.sonatype.nexus.configuration.source.StaticConfigurationSource - Configuration loaded successfully.
jvm 1    | 2018-12-03 10:03:03,540+0000 WARN  [jetty-main-1]  org.sonatype.nexus.configuration.source.FileConfigurationSource - No configuration file in place, copying the default one and continuing with it.
jvm 1    | 2018-12-03 10:03:03,678+0000 INFO  [jetty-main-1]  org.sonatype.nexus.configuration.source.FileConfigurationSource - Configuration loaded successfully.
jvm 1    | 2018-12-03 10:03:03,713+0000 INFO  [jetty-main-1]  org.sonatype.nexus.configuration.source.FileConfigurationSource - Nexus configuration validated successfully.
jvm 1    | 2018-12-03 10:03:03,750+0000 INFO  [jetty-main-1]  org.sonatype.nexus.configuration.application.DefaultNexusConfiguration - Applying Nexus Configuration...
jvm 1    | 2018-12-03 10:03:03,756+0000 INFO  [jetty-main-1]  org.sonatype.security.configuration.source.FileSecurityConfigurationSource - Loading Security configuration from /root/DevOpsTraning/my-app/nexus-2.14.11-01/../sonatype-work/nexus/conf/security-configuration.xml
jvm 1    | 2018-12-03 10:03:03,762+0000 INFO  [jetty-main-1]  org.apache.shiro.cache.ehcache.EhCacheManager - Cache with name 'XmlAuthenticatingRealm.authorizationCache' does not yet exist.  Creating now.
jvm 1    | 2018-12-03 10:03:03,763+0000 INFO  [jetty-main-1]  org.apache.shiro.cache.ehcache.EhCacheManager - Added EhCache named [XmlAuthenticatingRealm.authorizationCache]
jvm 1    | 2018-12-03 10:03:03,764+0000 INFO  [jetty-main-1]  org.apache.shiro.cache.ehcache.EhCacheManager - Cache with name 'XmlAuthorizingRealm.authorizationCache' does not yet exist.  Creating now.
jvm 1    | 2018-12-03 10:03:03,767+0000 INFO  [jetty-main-1]  org.apache.shiro.cache.ehcache.EhCacheManager - Added EhCache named [XmlAuthorizingRealm.authorizationCache]
jvm 1    | 2018-12-03 10:03:03,801+0000 INFO  [jetty-main-1]  org.sonatype.nexus.proxy.attributes.DefaultLSAttributeStorage - Default FS AttributeStorage in place, using JacksonJSON marshaller. 
jvm 1    | 2018-12-03 10:03:04,116+0000 INFO  [jetty-main-1]  org.sonatype.nexus.proxy.registry.DefaultRepositoryRegistry - Added repository "Central" [id=central][contentClass=Maven2][mainFacet=org.sonatype.nexus.proxy.maven.MavenProxyRepository]
jvm 1    | 2018-12-03 10:03:04,156+0000 INFO  [jetty-main-1]  org.sonatype.nexus.proxy.registry.DefaultRepositoryRegistry - Added repository "Apache Snapshots" [id=apache-snapshots][contentClass=Maven2][mainFacet=org.sonatype.nexus.proxy.maven.MavenProxyRepository]
jvm 1    | 2018-12-03 10:03:04,188+0000 INFO  [jetty-main-1]  org.sonatype.nexus.proxy.registry.DefaultRepositoryRegistry - Added repository "Releases" [id=releases][contentClass=Maven2][mainFacet=org.sonatype.nexus.proxy.maven.MavenHostedRepository]
jvm 1    | 2018-12-03 10:03:04,216+0000 INFO  [jetty-main-1]  org.sonatype.nexus.proxy.registry.DefaultRepositoryRegistry - Added repository "Snapshots" [id=snapshots][contentClass=Maven2][mainFacet=org.sonatype.nexus.proxy.maven.MavenHostedRepository]
jvm 1    | 2018-12-03 10:03:04,242+0000 INFO  [jetty-main-1]  org.sonatype.nexus.proxy.registry.DefaultRepositoryRegistry - Added repository "3rd party" [id=thirdparty][contentClass=Maven2][mainFacet=org.sonatype.nexus.proxy.maven.MavenHostedRepository]
jvm 1    | 2018-12-03 10:03:04,269+0000 INFO  [jetty-main-1]  org.sonatype.nexus.proxy.registry.DefaultRepositoryRegistry - Added repository "Central M1 shadow" [id=central-m1][contentClass=Maven1][mainFacet=org.sonatype.nexus.proxy.maven.MavenShadowRepository]
jvm 1    | 2018-12-03 10:03:04,314+0000 INFO  [jetty-main-1]  org.sonatype.nexus.proxy.registry.DefaultRepositoryRegistry - Added repository "Public Repositories" [id=public][contentClass=Maven2][mainFacet=org.sonatype.nexus.proxy.repository.GroupRepository]
jvm 1    | 2018-12-03 10:03:04,314+0000 INFO  [jetty-main-1]  org.sonatype.scheduling.DefaultScheduler - Initializing Scheduler...
jvm 1    | 2018-12-03 10:03:04,315+0000 INFO  [jetty-main-1]  org.sonatype.nexus.scheduling.internal.DefaultTaskConfigManager - 0 task(s) to load.
jvm 1    | 2018-12-03 10:03:04,315+0000 INFO  [jetty-main-1]  org.sonatype.nexus.NxApplication - This is 1st start of new Nexus instance.
jvm 1    | 2018-12-03 10:03:04,315+0000 INFO  [jetty-main-1]  org.sonatype.nexus.NxApplication - Nexus Work Directory : /root/DevOpsTraning/my-app/sonatype-work/nexus
jvm 1    | 2018-12-03 10:03:04,315+0000 INFO  [jetty-main-1]  org.sonatype.nexus.NxApplication - Started Nexus Repository Manager OSS 2.14.11-01
jvm 1    | 2018-12-03 10:03:04,863+0000 INFO  [pxpool-1-thread-1] *TASK org.sonatype.nexus.index.tasks.UpdateIndexTask - Scheduled task (UpdateIndexTask) started :: Updating repository index "Public Repositories" from path null and below.
jvm 1    | 2018-12-03 10:03:04,934+0000 INFO  [pxpool-1-thread-1] *TASK org.sonatype.nexus.index.NexusScanningListener - Scanning of repositoryID="releases" started.
jvm 1    | 2018-12-03 10:03:04,983+0000 INFO  [jetty-main-1]  com.sonatype.nexus.plugins.nuget.odata.NugetODataGalleryMigrator - Starting Nuget DB migration.
jvm 1    | 2018-12-03 10:03:04,985+0000 INFO  [jetty-main-1]  com.sonatype.nexus.plugins.nuget.odata.NugetODataGalleryMigrator - Starting Nuget DB migration to version 1
jvm 1    | 2018-12-03 10:03:04,990+0000 INFO  [jetty-main-1]  com.sonatype.nexus.plugins.nuget.odata.NugetODataGalleryMigrator - Completed Nuget DB migration to version 1
jvm 1    | 2018-12-03 10:03:04,991+0000 INFO  [jetty-main-1]  com.sonatype.nexus.plugins.nuget.odata.NugetODataGalleryMigrator - Starting Nuget DB migration to version 2
jvm 1    | 2018-12-03 10:03:04,999+0000 INFO  [jetty-main-1]  com.sonatype.nexus.plugins.nuget.odata.NugetODataGalleryMigrator - Completed Nuget DB migration to version 2
jvm 1    | 2018-12-03 10:03:05,000+0000 INFO  [jetty-main-1]  com.sonatype.nexus.plugins.nuget.odata.NugetODataGalleryMigrator - Starting Nuget DB migration to version 3
jvm 1    | 2018-12-03 10:03:05,001+0000 INFO  [jetty-main-1]  com.sonatype.nexus.plugins.nuget.odata.NugetODataGalleryMigrator - Completed Nuget DB migration to version 3
jvm 1    | 2018-12-03 10:03:05,001+0000 INFO  [jetty-main-1]  com.sonatype.nexus.plugins.nuget.odata.NugetODataGalleryMigrator - Starting Nuget DB migration to version 4
jvm 1    | 2018-12-03 10:03:05,005+0000 INFO  [jetty-main-1]  com.sonatype.nexus.plugins.nuget.odata.NugetODataGalleryMigrator - Completed Nuget DB migration to version 4
jvm 1    | 2018-12-03 10:03:05,005+0000 INFO  [jetty-main-1]  com.sonatype.nexus.plugins.nuget.odata.NugetODataGalleryMigrator - Starting Nuget DB migration to version 5
jvm 1    | 2018-12-03 10:03:05,008+0000 INFO  [jetty-main-1]  com.sonatype.nexus.plugins.nuget.odata.NugetODataGalleryMigrator - Completed Nuget DB migration to version 5
jvm 1    | 2018-12-03 10:03:05,008+0000 INFO  [jetty-main-1]  com.sonatype.nexus.plugins.nuget.odata.NugetODataGalleryMigrator - Starting Nuget DB migration to version 6
jvm 1    | 2018-12-03 10:03:05,037+0000 INFO  [jetty-main-1]  com.sonatype.nexus.plugins.nuget.odata.NugetODataGalleryMigrator - Completed Nuget DB migration to version 6
jvm 1    | 2018-12-03 10:03:05,038+0000 INFO  [jetty-main-1]  com.sonatype.nexus.plugins.nuget.odata.NugetODataGalleryMigrator - Starting Nuget DB migration to version 7
jvm 1    | 2018-12-03 10:03:05,040+0000 INFO  [jetty-main-1]  com.sonatype.nexus.plugins.nuget.odata.NugetODataGalleryMigrator - Completed Nuget DB migration to version 7
jvm 1    | 2018-12-03 10:03:05,040+0000 INFO  [jetty-main-1]  com.sonatype.nexus.plugins.nuget.odata.NugetODataGalleryMigrator - Starting Nuget DB migration to version 8
jvm 1    | 2018-12-03 10:03:05,041+0000 INFO  [jetty-main-1]  com.sonatype.nexus.plugins.nuget.odata.NugetODataGalleryMigrator - Completed Nuget DB migration to version 8
jvm 1    | 2018-12-03 10:03:05,042+0000 INFO  [jetty-main-1]  com.sonatype.nexus.plugins.nuget.odata.NugetODataGalleryMigrator - Starting Nuget DB migration to version 9
jvm 1    | 2018-12-03 10:03:05,043+0000 INFO  [jetty-main-1]  com.sonatype.nexus.plugins.nuget.odata.NugetODataGalleryMigrator - Completed Nuget DB migration to version 9
jvm 1    | 2018-12-03 10:03:05,043+0000 INFO  [jetty-main-1]  com.sonatype.nexus.plugins.nuget.odata.NugetODataGalleryMigrator - Completed Nuget DB migration.
jvm 1    | 2018-12-03 10:03:05,163+0000 INFO  [pxpool-1-thread-1] *TASK org.sonatype.nexus.index.NexusScanningListener - Scanning of repositoryID="releases" finished: scanned=0, added=0, updated=0, removed=0, scanningDuration=0:00:00.194
jvm 1    | 2018-12-03 10:03:05,182+0000 INFO  [pxpool-1-thread-1] *TASK org.sonatype.nexus.index.DefaultIndexerManager - Publishing index for repository releases
jvm 1    | [INFO] Unable to read properties file, will force index regeneration
jvm 1    | 2018-12-03 10:03:05,200+0000 INFO  [jetty-main-1]  org.sonatype.nexus.proxy.targets.DefaultTargetRegistryEventInspector - Adding default target for site content class
jvm 1    | 2018-12-03 10:03:05,200+0000 INFO  [jetty-main-1]  org.sonatype.nexus.proxy.targets.DefaultTargetRegistryEventInspector - Adding default target for npm content class
jvm 1    | 2018-12-03 10:03:05,201+0000 INFO  [jetty-main-1]  org.sonatype.nexus.proxy.targets.DefaultTargetRegistryEventInspector - Adding default target for nuget content class
jvm 1    | 2018-12-03 10:03:05,201+0000 INFO  [jetty-main-1]  org.sonatype.nexus.proxy.targets.DefaultTargetRegistryEventInspector - Adding default target for rubygems content class
jvm 1    | 2018-12-03 10:03:05,202+0000 INFO  [jetty-main-1]  org.sonatype.nexus.configuration.application.DefaultNexusConfiguration - Applying Nexus Configuration due to changes in [Repository Target Registry]...
jvm 1    | 2018-12-03 10:03:05,244+0000 INFO  [jetty-main-1]  org.sonatype.nexus.webapp.WebappBootstrap - Initialized
jvm 1    | 2018-12-03 10:03:05,372+0000 INFO  [ar-7-thread-2] *TASK org.sonatype.nexus.proxy.maven.routing.internal.ManagerImpl - Updated and published prefix file of "Snapshots" [id=snapshots]
jvm 1    | 2018-12-03 10:03:05,367+0000 INFO  [pxpool-1-thread-1] *TASK org.sonatype.nexus.index.NexusScanningListener - Scanning of repositoryID="snapshots" started.
jvm 1    | 2018-12-03 10:03:05,387+0000 INFO  [ar-7-thread-2] *TASK org.sonatype.nexus.proxy.maven.routing.internal.ManagerImpl - Updated and published prefix file of "Releases" [id=releases]
jvm 1    | 2018-12-03 10:03:05,389+0000 INFO  [ar-7-thread-1] *TASK org.sonatype.nexus.proxy.maven.routing.internal.ManagerImpl - Updated and published prefix file of "3rd party" [id=thirdparty]
jvm 1    | 2018-12-03 10:03:05,594+0000 INFO  [jetty-main-1]  org.sonatype.nexus.rest.NexusApplication_UriMatching - Strict URI matching: true
jvm 1    | 2018-12-03 10:03:05,642+0000 INFO  [pxpool-1-thread-1] *TASK org.sonatype.nexus.index.NexusScanningListener - Scanning of repositoryID="snapshots" finished: scanned=0, added=0, updated=0, removed=0, scanningDuration=0:00:00.264
jvm 1    | 2018-12-03 10:03:05,644+0000 INFO  [pxpool-1-thread-1] *TASK org.sonatype.nexus.index.DefaultIndexerManager - Publishing index for repository snapshots
jvm 1    | [INFO] Unable to read properties file, will force index regeneration
jvm 1    | 2018-12-03 10:03:05,804+0000 INFO  [jetty-main-1]  org.sonatype.nexus.configuration.ModelUtils - Loading model /root/DevOpsTraning/my-app/sonatype-work/nexus/conf/ldap.xml
jvm 1    | 2018-12-03 10:03:05,842+0000 INFO  [jetty-main-1]  org.sonatype.nexus.configuration.ModelUtils - Loading model /root/DevOpsTraning/my-app/sonatype-work/nexus/conf/lvo-plugin.xml
jvm 1    | 2018-12-03 10:03:05,842+0000 INFO  [pxpool-1-thread-1] *TASK org.sonatype.nexus.index.NexusScanningListener - Scanning of repositoryID="thirdparty" started.
jvm 1    | 2018-12-03 10:03:06,042+0000 INFO  [pxpool-1-thread-1] *TASK org.sonatype.nexus.index.NexusScanningListener - Scanning of repositoryID="thirdparty" finished: scanned=0, added=0, updated=0, removed=0, scanningDuration=0:00:00.200
jvm 1    | 2018-12-03 10:03:06,042+0000 INFO  [pxpool-1-thread-1] *TASK org.sonatype.nexus.index.DefaultIndexerManager - Publishing index for repository thirdparty
jvm 1    | [INFO] Unable to read properties file, will force index regeneration
jvm 1    | 2018-12-03 10:03:06,076+0000 INFO  [pxpool-1-thread-1] *TASK org.sonatype.nexus.index.NexusScanningListener - Scanning of repositoryID="central" started.
jvm 1    | 2018-12-03 10:03:06,231+0000 INFO  [pxpool-1-thread-1] *TASK org.sonatype.nexus.index.NexusScanningListener - Scanning of repositoryID="central" finished: scanned=0, added=0, updated=0, removed=0, scanningDuration=0:00:00.154
jvm 1    | 2018-12-03 10:03:06,231+0000 INFO  [pxpool-1-thread-1] *TASK org.sonatype.nexus.index.DefaultIndexerManager - Publishing index for repository central
jvm 1    | [INFO] Unable to read properties file, will force index regeneration
jvm 1    | 2018-12-03 10:03:06,387+0000 INFO  [ar-7-thread-3] *TASK org.sonatype.nexus.proxy.storage.remote.httpclient.HttpClientRemoteStorage - Initializing remote transport for proxy repository "Apache Snapshots" [id=apache-snapshots]...
jvm 1    | 2018-12-03 10:03:06,404+0000 INFO  [jetty-main-1]  org.sonatype.nexus.plugins.siesta.SiestaModule - Resources:
jvm 1    | 2018-12-03 10:03:06,404+0000 INFO  [jetty-main-1]  org.sonatype.nexus.plugins.siesta.SiestaModule -   /service/siesta/analytics/events
jvm 1    | 2018-12-03 10:03:06,404+0000 INFO  [jetty-main-1]  org.sonatype.nexus.plugins.siesta.SiestaModule -   /service/siesta/analytics/settings
jvm 1    | 2018-12-03 10:03:06,404+0000 INFO  [jetty-main-1]  org.sonatype.nexus.plugins.siesta.SiestaModule -   /service/siesta/atlas/security-diagnostic
jvm 1    | 2018-12-03 10:03:06,404+0000 INFO  [jetty-main-1]  org.sonatype.nexus.plugins.siesta.SiestaModule -   /service/siesta/atlas/support-zip
jvm 1    | 2018-12-03 10:03:06,405+0000 INFO  [jetty-main-1]  org.sonatype.nexus.plugins.siesta.SiestaModule -   /service/siesta/atlas/system-information
jvm 1    | 2018-12-03 10:03:06,405+0000 INFO  [jetty-main-1]  org.sonatype.nexus.plugins.siesta.SiestaModule -   /service/siesta/capabilities
jvm 1    | 2018-12-03 10:03:06,405+0000 INFO  [jetty-main-1]  org.sonatype.nexus.plugins.siesta.SiestaModule -   /service/siesta/capabilities/stores
jvm 1    | 2018-12-03 10:03:06,405+0000 INFO  [jetty-main-1]  org.sonatype.nexus.plugins.siesta.SiestaModule -   /service/siesta/capabilities/types
jvm 1    | 2018-12-03 10:03:06,405+0000 INFO  [jetty-main-1]  org.sonatype.nexus.plugins.siesta.SiestaModule -   /service/siesta/clm
jvm 1    | 2018-12-03 10:03:06,405+0000 INFO  [jetty-main-1]  org.sonatype.nexus.plugins.siesta.SiestaModule -   /service/siesta/clm/applications
jvm 1    | 2018-12-03 10:03:06,405+0000 INFO  [jetty-main-1]  org.sonatype.nexus.plugins.siesta.SiestaModule -   /service/siesta/clm/firewall
jvm 1    | 2018-12-03 10:03:06,405+0000 INFO  [jetty-main-1]  org.sonatype.nexus.plugins.siesta.SiestaModule -   /service/siesta/healthcheck/gaDetails
jvm 1    | 2018-12-03 10:03:06,405+0000 INFO  [jetty-main-1]  org.sonatype.nexus.plugins.siesta.SiestaModule -   /service/siesta/healthcheck/gavDetails
jvm 1    | 2018-12-03 10:03:06,405+0000 INFO  [jetty-main-1]  org.sonatype.nexus.plugins.siesta.SiestaModule -   /service/siesta/healthcheck/healthCheckEula
jvm 1    | 2018-12-03 10:03:06,405+0000 INFO  [jetty-main-1]  org.sonatype.nexus.plugins.siesta.SiestaModule -   /service/siesta/healthcheck/healthCheckInfo
jvm 1    | 2018-12-03 10:03:06,405+0000 INFO  [jetty-main-1]  org.sonatype.nexus.plugins.siesta.SiestaModule -   /service/siesta/healthcheck/healthCheckStatus
jvm 1    | 2018-12-03 10:03:06,405+0000 INFO  [jetty-main-1]  org.sonatype.nexus.plugins.siesta.SiestaModule -   /service/siesta/healthcheck/healthCheckSummary/{repositoryId}/{path:.*}
jvm 1    | 2018-12-03 10:03:06,405+0000 INFO  [jetty-main-1]  org.sonatype.nexus.plugins.siesta.SiestaModule -   /service/siesta/logging/log
jvm 1    | 2018-12-03 10:03:06,405+0000 INFO  [jetty-main-1]  org.sonatype.nexus.plugins.siesta.SiestaModule -   /service/siesta/logging/loggers
jvm 1    | 2018-12-03 10:03:06,405+0000 INFO  [jetty-main-1]  org.sonatype.nexus.plugins.siesta.SiestaModule -   /service/siesta/migrationagent/configuration
jvm 1    | 2018-12-03 10:03:06,405+0000 INFO  [jetty-main-1]  org.sonatype.nexus.plugins.siesta.SiestaModule -   /service/siesta/migrationagent/repository
jvm 1    | 2018-12-03 10:03:06,405+0000 INFO  [jetty-main-1]  org.sonatype.nexus.plugins.siesta.SiestaModule -   /service/siesta/migrationagent/repository-changelog
jvm 1    | 2018-12-03 10:03:06,405+0000 INFO  [jetty-main-1]  org.sonatype.nexus.plugins.siesta.SiestaModule -   /service/siesta/migrationagent/repository-content
jvm 1    | 2018-12-03 10:03:06,406+0000 INFO  [jetty-main-1]  org.sonatype.nexus.plugins.siesta.SiestaModule -   /service/siesta/migrationagent/repository-migration
jvm 1    | 2018-12-03 10:03:06,406+0000 INFO  [jetty-main-1]  org.sonatype.nexus.plugins.siesta.SiestaModule -   /service/siesta/migrationagent/status
jvm 1    | 2018-12-03 10:03:06,406+0000 INFO  [jetty-main-1]  org.sonatype.nexus.plugins.siesta.SiestaModule -   /service/siesta/wonderland/authenticate
jvm 1    | 2018-12-03 10:03:06,406+0000 INFO  [jetty-main-1]  org.sonatype.nexus.plugins.siesta.SiestaModule -   /service/siesta/wonderland/download
jvm 1    | 2018-12-03 10:03:06,406+0000 INFO  [jetty-main-1]  org.sonatype.nexus.plugins.siesta.SiestaModule -   /service/siesta/wonderland/settings
jvm 1    | 2018-12-03 10:03:06,406+0000 INFO  [jetty-main-1]  org.sonatype.nexus.plugins.siesta.SiestaModule - Components:
jvm 1    | 2018-12-03 10:03:06,406+0000 INFO  [jetty-main-1]  org.sonatype.nexus.plugins.siesta.SiestaModule -   org.sonatype.nexus.plugins.capabilities.internal.rest.CapabilityNotFoundExceptionMapper
jvm 1    | 2018-12-03 10:03:06,406+0000 INFO  [jetty-main-1]  org.sonatype.nexus.plugins.siesta.SiestaModule -   org.sonatype.nexus.plugins.siesta.AuthorizationExceptionMapper
jvm 1    | 2018-12-03 10:03:06,406+0000 INFO  [jetty-main-1]  org.sonatype.nexus.plugins.siesta.SiestaModule -   org.sonatype.nexus.plugins.siesta.ErrorStatusRuntimeExceptionMapper
jvm 1    | 2018-12-03 10:03:06,406+0000 INFO  [jetty-main-1]  org.sonatype.nexus.plugins.siesta.SiestaModule -   org.sonatype.nexus.plugins.siesta.InvalidConfigurationExceptionMapper
jvm 1    | 2018-12-03 10:03:06,406+0000 INFO  [jetty-main-1]  org.sonatype.nexus.plugins.siesta.SiestaModule -   org.sonatype.nexus.plugins.siesta.NoSuchRepositoryExceptionMapper
jvm 1    | 2018-12-03 10:03:06,406+0000 INFO  [jetty-main-1]  org.sonatype.nexus.plugins.siesta.SiestaModule -   org.sonatype.sisu.siesta.jackson.JacksonProvider
jvm 1    | 2018-12-03 10:03:06,406+0000 INFO  [jetty-main-1]  org.sonatype.nexus.plugins.siesta.SiestaModule -   org.sonatype.sisu.siesta.server.internal.mappers.BadRequestExceptionMapper
jvm 1    | 2018-12-03 10:03:06,406+0000 INFO  [jetty-main-1]  org.sonatype.nexus.plugins.siesta.SiestaModule -   org.sonatype.sisu.siesta.server.internal.mappers.ConstraintViolationExceptionMapper
jvm 1    | 2018-12-03 10:03:06,406+0000 INFO  [jetty-main-1]  org.sonatype.nexus.plugins.siesta.SiestaModule -   org.sonatype.sisu.siesta.server.internal.mappers.InvalidObjectExceptionMapper
jvm 1    | 2018-12-03 10:03:06,406+0000 INFO  [jetty-main-1]  org.sonatype.nexus.plugins.siesta.SiestaModule -   org.sonatype.sisu.siesta.server.internal.mappers.ObjectNotFoundExceptionMapper
jvm 1    | 2018-12-03 10:03:06,406+0000 INFO  [jetty-main-1]  org.sonatype.nexus.plugins.siesta.SiestaModule -   org.sonatype.sisu.siesta.server.internal.mappers.ThrowableExceptionMapper
jvm 1    | 2018-12-03 10:03:06,406+0000 INFO  [jetty-main-1]  org.sonatype.nexus.plugins.siesta.SiestaModule -   org.sonatype.sisu.siesta.server.internal.mappers.ValidationErrorsExceptionMapper
jvm 1    | 2018-12-03 10:03:06,407+0000 INFO  [jetty-main-1]  org.sonatype.nexus.plugins.siesta.SiestaModule -   org.sonatype.sisu.siesta.server.internal.mappers.WebApplicationExceptionMapper
jvm 1    | 2018-12-03 10:03:06,407+0000 INFO  [jetty-main-1]  org.sonatype.nexus.plugins.siesta.SiestaModule -   org.sonatype.sisu.siesta.server.internal.mappers.WebApplicationMessageExceptionMapper
jvm 1    | 2018-12-03 10:03:06,421+0000 INFO  [ar-7-thread-4] *TASK org.sonatype.nexus.proxy.storage.remote.httpclient.HttpClientRemoteStorage - Initializing remote transport for proxy repository "Central" [id=central]...
jvm 1    | 2018-12-03 10:03:06,427+0000 INFO  [pxpool-1-thread-1] *TASK org.sonatype.nexus.index.DefaultIndexerManager - Publishing index for repository public
jvm 1    | [INFO] Unable to read properties file, will force index regeneration
jvm 1    | 2018-12-03 10:03:06,537+0000 INFO  [pxpool-1-thread-1] *TASK org.sonatype.nexus.index.tasks.UpdateIndexTask - Scheduled task (UpdateIndexTask) finished :: Updating repository index "Public Repositories" from path null and below. (started 2018-12-03T10:03:04+00:00, runtime 0:00:01.673)
jvm 1    | 2018-12-03 10:03:06,683+0000 INFO  [pxpool-1-thread-1] *TASK org.sonatype.nexus.configuration.application.DefaultNexusConfiguration - Applying Nexus Configuration due to changes in [Scheduled Tasks] made by *TASK...
jvm 1    | 2018-12-03 10:03:07,059+0000 INFO  [ar-7-thread-4] *TASK org.sonatype.nexus.proxy.maven.routing.internal.ManagerImpl - Updated and published prefix file of "Public Repositories" [id=public]
jvm 1    | 2018-12-03 10:03:07,550+0000 INFO  [jetty-main-1]  org.sonatype.nexus.webresources.internal.WebResourceServiceImpl - Discovered 1978 resources
jvm 1    | 2018-12-03 10:03:07,552+0000 INFO  [jetty-main-1]  org.sonatype.nexus.webresources.internal.WebResourceServlet - Max-age: 30 days (2592000 seconds)
jvm 1    | 2018-12-03 10:03:07,582+0000 INFO  [jetty-main-1]  org.sonatype.nexus.bootstrap.jetty.InstrumentedSelectChannelConnector - Metrics enabled
jvm 1    | 2018-12-03 10:03:07,598+0000 INFO  [jetty-main-1]  org.eclipse.jetty.server.AbstractConnector - Started InstrumentedSelectChannelConnector@0.0.0.0:8081
jvm 1    | 2018-12-03 10:03:07,598+0000 INFO  [jetty-main-1]  org.sonatype.nexus.bootstrap.jetty.JettyServer - Running
jvm 1    | 2018-12-03 10:03:07,598+0000 INFO  [WrapperListener_start_runner]  org.sonatype.nexus.bootstrap.jetty.JettyServer - Started
jvm 1    | 2018-12-03 10:04:02,314+0000 INFO  [qtp926547427-58]  org.apache.shiro.nexus5727.FixedDefaultWebSessionManager - Global session timeout: 1800000 ms
jvm 1    | 2018-12-03 10:04:02,315+0000 INFO  [qtp926547427-58]  org.apache.shiro.session.mgt.AbstractValidatingSessionManager - Enabling session validation scheduler...
jvm 1    | 2018-12-03 10:04:02,365+0000 INFO  [qtp926547427-58] *UNKNOWN org.sonatype.nexus.velocity.VelocityEngineProvider - Creating Nexus VelocityEngine
jvm 1    | 2018-12-03 10:04:53,190+0000 ERROR [qtp926547427-57]  org.sonatype.nexus.web.internal.ErrorPageFilter - Internal error
jvm 1    | org.eclipse.jetty.io.EofException: null
jvm 1    | 	at org.eclipse.jetty.http.HttpGenerator.flushBuffer(HttpGenerator.java:914)
jvm 1    | 	at org.eclipse.jetty.http.AbstractGenerator.blockForOutput(AbstractGenerator.java:528)
jvm 1    | 	at org.eclipse.jetty.server.HttpOutput.write(HttpOutput.java:170)
jvm 1    | 	at org.eclipse.jetty.server.HttpOutput.write(HttpOutput.java:107)
jvm 1    | 	at org.sonatype.nexus.util.io.StreamSupport.copy(StreamSupport.java:59)
jvm 1    | 	at org.sonatype.nexus.web.WebUtils.sendContent(WebUtils.java:105)
jvm 1    | 	at org.sonatype.nexus.webresources.internal.WebResourceServlet.serveResource(WebResourceServlet.java:136)
jvm 1    | 	at org.sonatype.nexus.webresources.internal.WebResourceServlet.doGet(WebResourceServlet.java:86)
jvm 1    | 	at javax.servlet.http.HttpServlet.service(HttpServlet.java:735)
jvm 1    | 	at javax.servlet.http.HttpServlet.service(HttpServlet.java:848)
jvm 1    | 	at com.google.inject.servlet.ServletDefinition.doServiceImpl(ServletDefinition.java:297)
jvm 1    | 	at com.google.inject.servlet.ServletDefinition.doService(ServletDefinition.java:281)
jvm 1    | 	at com.google.inject.servlet.ServletDefinition.service(ServletDefinition.java:186)
jvm 1    | 	at com.google.inject.servlet.AbstractServletPipeline.service(AbstractServletPipeline.java:65)
jvm 1    | 	at com.google.inject.servlet.AbstractFilterPipeline.dispatch(AbstractFilterPipeline.java:100)
jvm 1    | 	at org.sonatype.nexus.web.internal.NexusGuiceFilter$MultiFilterChain.doFilter(NexusGuiceFilter.java:82)
jvm 1    | 	at com.google.inject.servlet.AbstractFilterPipeline.dispatch(AbstractFilterPipeline.java:100)
jvm 1    | 	at org.sonatype.nexus.web.internal.NexusGuiceFilter$MultiFilterChain.doFilter(NexusGuiceFilter.java:82)
jvm 1    | 	at com.google.inject.servlet.AbstractFilterPipeline.dispatch(AbstractFilterPipeline.java:100)
jvm 1    | 	at org.sonatype.nexus.web.internal.NexusGuiceFilter$MultiFilterChain.doFilter(NexusGuiceFilter.java:82)
jvm 1    | 	at com.google.inject.servlet.AbstractFilterPipeline.dispatch(AbstractFilterPipeline.java:100)
jvm 1    | 	at org.sonatype.nexus.web.internal.NexusGuiceFilter$MultiFilterChain.doFilter(NexusGuiceFilter.java:82)
jvm 1    | 	at org.apache.shiro.web.servlet.AbstractShiroFilter.executeChain(AbstractShiroFilter.java:449)
jvm 1    | 	at org.sonatype.nexus.web.internal.SecurityFilter.executeChain(SecurityFilter.java:90)
jvm 1    | 	at org.apache.shiro.web.servlet.AbstractShiroFilter$1.call(AbstractShiroFilter.java:365)
jvm 1    | 	at org.apache.shiro.subject.support.SubjectCallable.doCall(SubjectCallable.java:90)
jvm 1    | 	at org.apache.shiro.subject.support.SubjectCallable.call(SubjectCallable.java:83)
jvm 1    | 	at org.apache.shiro.subject.support.DelegatingSubject.execute(DelegatingSubject.java:383)
jvm 1    | 	at org.apache.shiro.web.servlet.AbstractShiroFilter.doFilterInternal(AbstractShiroFilter.java:362)
jvm 1    | 	at org.apache.shiro.web.servlet.OncePerRequestFilter.doFilter(OncePerRequestFilter.java:125)
jvm 1    | 	at com.google.inject.servlet.AbstractFilterPipeline.dispatch(AbstractFilterPipeline.java:100)
jvm 1    | 	at org.sonatype.nexus.web.internal.NexusGuiceFilter$MultiFilterChain.doFilter(NexusGuiceFilter.java:82)
jvm 1    | 	at com.yammer.metrics.web.WebappMetricsFilter.doFilter(WebappMetricsFilter.java:76)
jvm 1    | 	at org.sonatype.nexus.web.internal.CommonHeadersFilter.doFilter(CommonHeadersFilter.java:69)
jvm 1    | 	at org.sonatype.nexus.web.internal.ErrorPageFilter.doFilter(ErrorPageFilter.java:71)
jvm 1    | 	at org.sonatype.nexus.web.internal.BaseUrlHolderFilter.doFilter(BaseUrlHolderFilter.java:66)
jvm 1    | 	at org.sonatype.nexus.web.internal.HeaderPatternFilter.doFilter(HeaderPatternFilter.java:96)
jvm 1    | 	at com.google.inject.servlet.AbstractFilterPipeline.dispatch(AbstractFilterPipeline.java:100)
jvm 1    | 	at org.sonatype.nexus.web.internal.NexusGuiceFilter$MultiFilterChain.doFilter(NexusGuiceFilter.java:82)
jvm 1    | 	at org.sonatype.nexus.web.internal.NexusGuiceFilter$MultiFilterPipeline.dispatch(NexusGuiceFilter.java:56)
jvm 1    | 	at com.google.inject.servlet.GuiceFilter$1.call(GuiceFilter.java:133)
jvm 1    | 	at com.google.inject.servlet.GuiceFilter$1.call(GuiceFilter.java:130)
jvm 1    | 	at com.google.inject.servlet.GuiceFilter$Context.call(GuiceFilter.java:203)
jvm 1    | 	at com.google.inject.servlet.GuiceFilter.doFilter(GuiceFilter.java:130)
jvm 1    | 	at org.eclipse.jetty.servlet.ServletHandler$CachedChain.doFilter(ServletHandler.java:1476)
jvm 1    | 	at org.eclipse.jetty.servlet.ServletHandler.doHandle(ServletHandler.java:501)
jvm 1    | 	at org.eclipse.jetty.server.handler.ScopedHandler.handle(ScopedHandler.java:137)
jvm 1    | 	at org.eclipse.jetty.security.SecurityHandler.handle(SecurityHandler.java:557)
jvm 1    | 	at org.eclipse.jetty.server.session.SessionHandler.doHandle(SessionHandler.java:231)
jvm 1    | 	at org.eclipse.jetty.server.handler.ContextHandler.doHandle(ContextHandler.java:1086)
jvm 1    | 	at org.eclipse.jetty.servlet.ServletHandler.doScope(ServletHandler.java:429)
jvm 1    | 	at org.eclipse.jetty.server.session.SessionHandler.doScope(SessionHandler.java:193)
jvm 1    | 	at org.eclipse.jetty.server.handler.ContextHandler.doScope(ContextHandler.java:1020)
jvm 1    | 	at org.eclipse.jetty.server.handler.ScopedHandler.handle(ScopedHandler.java:135)
jvm 1    | 	at org.eclipse.jetty.server.handler.HandlerWrapper.handle(HandlerWrapper.java:116)
jvm 1    | 	at com.yammer.metrics.jetty.InstrumentedHandler.handle(InstrumentedHandler.java:200)
jvm 1    | 	at org.eclipse.jetty.server.handler.HandlerCollection.handle(HandlerCollection.java:154)
jvm 1    | 	at org.eclipse.jetty.server.handler.HandlerWrapper.handle(HandlerWrapper.java:116)
jvm 1    | 	at org.eclipse.jetty.server.Server.handle(Server.java:370)
jvm 1    | 	at org.eclipse.jetty.server.AbstractHttpConnection.handleRequest(AbstractHttpConnection.java:494)
jvm 1    | 	at org.eclipse.jetty.server.AbstractHttpConnection.headerComplete(AbstractHttpConnection.java:971)
jvm 1    | 	at org.eclipse.jetty.server.AbstractHttpConnection$RequestHandler.headerComplete(AbstractHttpConnection.java:1033)
jvm 1    | 	at org.eclipse.jetty.http.HttpParser.parseNext(HttpParser.java:644)
jvm 1    | 	at org.eclipse.jetty.http.HttpParser.parseAvailable(HttpParser.java:235)
jvm 1    | 	at org.eclipse.jetty.server.AsyncHttpConnection.handle(AsyncHttpConnection.java:82)
jvm 1    | 	at org.eclipse.jetty.io.nio.SelectChannelEndPoint.handle(SelectChannelEndPoint.java:696)
jvm 1    | 	at org.eclipse.jetty.io.nio.SelectChannelEndPoint$1.run(SelectChannelEndPoint.java:53)
jvm 1    | 	at org.eclipse.jetty.util.thread.QueuedThreadPool.runJob(QueuedThreadPool.java:608)
jvm 1    | 	at org.eclipse.jetty.util.thread.QueuedThreadPool$3.run(QueuedThreadPool.java:543)
jvm 1    | 	at java.lang.Thread.run(Thread.java:748)
jvm 1    | 	Suppressed: org.eclipse.jetty.io.EofException: null
jvm 1    | 		at org.eclipse.jetty.http.HttpGenerator.flushBuffer(HttpGenerator.java:914)
jvm 1    | 		at org.eclipse.jetty.server.AbstractHttpConnection.flushResponse(AbstractHttpConnection.java:686)
jvm 1    | 		at org.eclipse.jetty.server.AbstractHttpConnection$Output.close(AbstractHttpConnection.java:1108)
jvm 1    | 		at org.sonatype.nexus.web.WebUtils.sendContent(WebUtils.java:107)
jvm 1    | 		at org.sonatype.nexus.webresources.internal.WebResourceServlet.serveResource(WebResourceServlet.java:136)
jvm 1    | 		at org.sonatype.nexus.webresources.internal.WebResourceServlet.doGet(WebResourceServlet.java:86)
jvm 1    | 		at javax.servlet.http.HttpServlet.service(HttpServlet.java:735)
jvm 1    | 		at javax.servlet.http.HttpServlet.service(HttpServlet.java:848)
jvm 1    | 		at com.google.inject.servlet.ServletDefinition.doServiceImpl(ServletDefinition.java:297)
jvm 1    | 		at com.google.inject.servlet.ServletDefinition.doService(ServletDefinition.java:281)
jvm 1    | 		at com.google.inject.servlet.ServletDefinition.service(ServletDefinition.java:186)
jvm 1    | 		at com.google.inject.servlet.AbstractServletPipeline.service(AbstractServletPipeline.java:65)
jvm 1    | 		at com.google.inject.servlet.FilterChainInvocation.doFilter(FilterChainInvocation.java:85)
jvm 1    | 		at com.google.inject.servlet.AbstractFilterPipeline.dispatch(AbstractFilterPipeline.java:100)
jvm 1    | 		at org.sonatype.nexus.web.internal.NexusGuiceFilter$MultiFilterChain.doFilter(NexusGuiceFilter.java:82)
jvm 1    | 		at com.google.inject.servlet.FilterChainInvocation.doFilter(FilterChainInvocation.java:89)
jvm 1    | 		at com.google.inject.servlet.AbstractFilterPipeline.dispatch(AbstractFilterPipeline.java:100)
jvm 1    | 		at org.sonatype.nexus.web.internal.NexusGuiceFilter$MultiFilterChain.doFilter(NexusGuiceFilter.java:82)
jvm 1    | 		at com.google.inject.servlet.FilterChainInvocation.doFilter(FilterChainInvocation.java:89)
jvm 1    | 		at com.google.inject.servlet.AbstractFilterPipeline.dispatch(AbstractFilterPipeline.java:100)
jvm 1    | 		at org.sonatype.nexus.web.internal.NexusGuiceFilter$MultiFilterChain.doFilter(NexusGuiceFilter.java:82)
jvm 1    | 		at com.google.inject.servlet.FilterChainInvocation.doFilter(FilterChainInvocation.java:89)
jvm 1    | 		at com.google.inject.servlet.AbstractFilterPipeline.dispatch(AbstractFilterPipeline.java:100)
jvm 1    | 		at org.sonatype.nexus.web.internal.NexusGuiceFilter$MultiFilterChain.doFilter(NexusGuiceFilter.java:82)
jvm 1    | 		at com.google.inject.servlet.FilterChainInvocation.doFilter(FilterChainInvocation.java:89)
jvm 1    | 		at org.apache.shiro.web.servlet.AbstractShiroFilter.executeChain(AbstractShiroFilter.java:449)
jvm 1    | 		at org.sonatype.nexus.web.internal.SecurityFilter.executeChain(SecurityFilter.java:90)
jvm 1    | 		at org.apache.shiro.web.servlet.AbstractShiroFilter$1.call(AbstractShiroFilter.java:365)
jvm 1    | 		at org.apache.shiro.subject.support.SubjectCallable.doCall(SubjectCallable.java:90)
jvm 1    | 		at org.apache.shiro.subject.support.SubjectCallable.call(SubjectCallable.java:83)
jvm 1    | 		at org.apache.shiro.subject.support.DelegatingSubject.execute(DelegatingSubject.java:383)
jvm 1    | 		at org.apache.shiro.web.servlet.AbstractShiroFilter.doFilterInternal(AbstractShiroFilter.java:362)
jvm 1    | 		at org.apache.shiro.web.servlet.OncePerRequestFilter.doFilter(OncePerRequestFilter.java:125)
jvm 1    | 		at com.google.inject.servlet.FilterChainInvocation.doFilter(FilterChainInvocation.java:82)
jvm 1    | 		at com.google.inject.servlet.AbstractFilterPipeline.dispatch(AbstractFilterPipeline.java:100)
jvm 1    | 		at org.sonatype.nexus.web.internal.NexusGuiceFilter$MultiFilterChain.doFilter(NexusGuiceFilter.java:82)
jvm 1    | 		at com.google.inject.servlet.FilterChainInvocation.doFilter(FilterChainInvocation.java:89)
jvm 1    | 		at com.yammer.metrics.web.WebappMetricsFilter.doFilter(WebappMetricsFilter.java:76)
jvm 1    | 		at com.google.inject.servlet.FilterChainInvocation.doFilter(FilterChainInvocation.java:82)
jvm 1    | 		at org.sonatype.nexus.web.internal.CommonHeadersFilter.doFilter(CommonHeadersFilter.java:69)
jvm 1    | 		at com.google.inject.servlet.FilterChainInvocation.doFilter(FilterChainInvocation.java:82)
jvm 1    | 		at org.sonatype.nexus.web.internal.ErrorPageFilter.doFilter(ErrorPageFilter.java:71)
jvm 1    | 		at com.google.inject.servlet.FilterChainInvocation.doFilter(FilterChainInvocation.java:82)
jvm 1    | 		at org.sonatype.nexus.web.internal.BaseUrlHolderFilter.doFilter(BaseUrlHolderFilter.java:66)
jvm 1    | 		at com.google.inject.servlet.FilterChainInvocation.doFilter(FilterChainInvocation.java:82)
jvm 1    | 		at org.sonatype.nexus.web.internal.HeaderPatternFilter.doFilter(HeaderPatternFilter.java:96)
jvm 1    | 		at com.google.inject.servlet.FilterChainInvocation.doFilter(FilterChainInvocation.java:82)
jvm 1    | 		... 33 common frames omitted
jvm 1    | 	Caused by: java.io.IOException: Broken pipe
jvm 1    | 		at sun.nio.ch.FileDispatcherImpl.write0(Native Method)
jvm 1    | 		at sun.nio.ch.SocketDispatcher.write(SocketDispatcher.java:47)
jvm 1    | 		at sun.nio.ch.IOUtil.writeFromNativeBuffer(IOUtil.java:93)
jvm 1    | 		at sun.nio.ch.IOUtil.write(IOUtil.java:65)
jvm 1    | 		at sun.nio.ch.SocketChannelImpl.write(SocketChannelImpl.java:471)
jvm 1    | 		at org.eclipse.jetty.io.nio.ChannelEndPoint.flush(ChannelEndPoint.java:310)
jvm 1    | 		at org.eclipse.jetty.io.nio.SelectChannelEndPoint.flush(SelectChannelEndPoint.java:404)
jvm 1    | 		at org.eclipse.jetty.http.HttpGenerator.flushBuffer(HttpGenerator.java:853)
jvm 1    | 		... 79 common frames omitted
jvm 1    | Caused by: java.io.IOException: Broken pipe
jvm 1    | 	at sun.nio.ch.FileDispatcherImpl.write0(Native Method)
jvm 1    | 	at sun.nio.ch.SocketDispatcher.write(SocketDispatcher.java:47)
jvm 1    | 	at sun.nio.ch.IOUtil.writeFromNativeBuffer(IOUtil.java:93)
jvm 1    | 	at sun.nio.ch.IOUtil.write(IOUtil.java:65)
jvm 1    | 	at sun.nio.ch.SocketChannelImpl.write(SocketChannelImpl.java:471)
jvm 1    | 	at org.eclipse.jetty.io.nio.ChannelEndPoint.flush(ChannelEndPoint.java:310)
jvm 1    | 	at org.eclipse.jetty.io.nio.SelectChannelEndPoint.flush(SelectChannelEndPoint.java:404)
jvm 1    | 	at org.eclipse.jetty.http.HttpGenerator.flushBuffer(HttpGenerator.java:853)
jvm 1    | 	... 69 common frames omitted
jvm 1    | 2018-12-03 10:11:37,479+0000 INFO  [qtp926547427-54] *UNKNOWN /nexus - nexus: [Noelios Restlet Engine] - Attaching application: org.sonatype.nexus.rest.NexusApplication@42de473e to URI: /nexus/service/local
jvm 1    | 2018-12-03 10:11:37,487+0000 WARN  [qtp926547427-56] *UNKNOWN org.sonatype.security.model.source.FileModelConfigurationSource - No configuration file in place, copying the default one and continuing with it.
jvm 1    | 2018-12-03 10:11:37,490+0000 INFO  [qtp926547427-56] *UNKNOWN org.sonatype.security.model.source.FileModelConfigurationSource - Loading security configuration from: /root/DevOpsTraning/my-app/nexus-2.14.11-01/../sonatype-work/nexus/conf/security.xml
jvm 1    | 2018-12-03 10:20:03,478+0000 INFO  [qtp926547427-55] anonymous java.util.prefs - Created user preferences directory.
jvm 1    | 2018-12-03 10:21:36,188+0000 INFO  [qtp926547427-59] *UNKNOWN org.apache.shiro.cache.ehcache.EhCacheManager - Using existing EHCache named [shiro-activeSessionCache]
jvm 1    | 2018-12-03 11:04:02,317+0000 INFO  [SessionValidationThread-1]  org.apache.shiro.session.mgt.AbstractValidatingSessionManager - Validating all active sessions...
jvm 1    | 2018-12-03 11:04:02,321+0000 INFO  [SessionValidationThread-1]  org.apache.shiro.session.mgt.AbstractValidatingSessionManager - Finished session validation.  No sessions were stopped.
jvm 1    | 2018-12-03 12:04:02,316+0000 INFO  [SessionValidationThread-1]  org.apache.shiro.session.mgt.AbstractValidatingSessionManager - Validating all active sessions...
jvm 1    | 2018-12-03 12:04:02,317+0000 INFO  [SessionValidationThread-1]  org.apache.shiro.session.mgt.AbstractValidatingSessionManager - Finished session validation.  No sessions were stopped.
jvm 1    | 2018-12-03 13:04:02,316+0000 INFO  [SessionValidationThread-1]  org.apache.shiro.session.mgt.AbstractValidatingSessionManager - Validating all active sessions...
jvm 1    | 2018-12-03 13:04:02,319+0000 INFO  [SessionValidationThread-1]  org.apache.shiro.session.mgt.AbstractValidatingSessionManager - Finished session validation.  [1] sessions were stopped.
jvm 1    | 2018-12-03 14:04:02,316+0000 INFO  [SessionValidationThread-1]  org.apache.shiro.session.mgt.AbstractValidatingSessionManager - Validating all active sessions...
jvm 1    | 2018-12-03 14:04:02,317+0000 INFO  [SessionValidationThread-1]  org.apache.shiro.session.mgt.AbstractValidatingSessionManager - Finished session validation.  No sessions were stopped.
jvm 1    | 2018-12-03 15:04:02,317+0000 INFO  [SessionValidationThread-1]  org.apache.shiro.session.mgt.AbstractValidatingSessionManager - Validating all active sessions...
jvm 1    | 2018-12-03 15:04:02,317+0000 INFO  [SessionValidationThread-1]  org.apache.shiro.session.mgt.AbstractValidatingSessionManager - Finished session validation.  No sessions were stopped.
jvm 1    | 2018-12-03 16:04:02,316+0000 INFO  [SessionValidationThread-1]  org.apache.shiro.session.mgt.AbstractValidatingSessionManager - Validating all active sessions...
jvm 1    | 2018-12-03 16:04:02,317+0000 INFO  [SessionValidationThread-1]  org.apache.shiro.session.mgt.AbstractValidatingSessionManager - Finished session validation.  No sessions were stopped.
jvm 1    | 2018-12-03 17:04:02,316+0000 INFO  [SessionValidationThread-1]  org.apache.shiro.session.mgt.AbstractValidatingSessionManager - Validating all active sessions...
jvm 1    | 2018-12-03 17:04:02,317+0000 INFO  [SessionValidationThread-1]  org.apache.shiro.session.mgt.AbstractValidatingSessionManager - Finished session validation.  No sessions were stopped.
jvm 1    | 2018-12-03 18:04:02,316+0000 INFO  [SessionValidationThread-1]  org.apache.shiro.session.mgt.AbstractValidatingSessionManager - Validating all active sessions...
jvm 1    | 2018-12-03 18:04:02,317+0000 INFO  [SessionValidationThread-1]  org.apache.shiro.session.mgt.AbstractValidatingSessionManager - Finished session validation.  No sessions were stopped.
jvm 1    | 2018-12-03 19:04:02,316+0000 INFO  [SessionValidationThread-1]  org.apache.shiro.session.mgt.AbstractValidatingSessionManager - Validating all active sessions...
jvm 1    | 2018-12-03 19:04:02,317+0000 INFO  [SessionValidationThread-1]  org.apache.shiro.session.mgt.AbstractValidatingSessionManager - Finished session validation.  No sessions were stopped.
jvm 1    | 2018-12-03 20:04:02,316+0000 INFO  [SessionValidationThread-1]  org.apache.shiro.session.mgt.AbstractValidatingSessionManager - Validating all active sessions...
jvm 1    | 2018-12-03 20:04:02,317+0000 INFO  [SessionValidationThread-1]  org.apache.shiro.session.mgt.AbstractValidatingSessionManager - Finished session validation.  No sessions were stopped.
jvm 1    | 2018-12-03 21:04:02,316+0000 INFO  [SessionValidationThread-1]  org.apache.shiro.session.mgt.AbstractValidatingSessionManager - Validating all active sessions...
jvm 1    | 2018-12-03 21:04:02,317+0000 INFO  [SessionValidationThread-1]  org.apache.shiro.session.mgt.AbstractValidatingSessionManager - Finished session validation.  No sessions were stopped.
jvm 1    | 2018-12-03 22:04:02,316+0000 INFO  [SessionValidationThread-1]  org.apache.shiro.session.mgt.AbstractValidatingSessionManager - Validating all active sessions...
jvm 1    | 2018-12-03 22:04:02,317+0000 INFO  [SessionValidationThread-1]  org.apache.shiro.session.mgt.AbstractValidatingSessionManager - Finished session validation.  No sessions were stopped.
jvm 1    | 2018-12-03 23:04:02,316+0000 INFO  [SessionValidationThread-1]  org.apache.shiro.session.mgt.AbstractValidatingSessionManager - Validating all active sessions...
jvm 1    | 2018-12-03 23:04:02,317+0000 INFO  [SessionValidationThread-1]  org.apache.shiro.session.mgt.AbstractValidatingSessionManager - Finished session validation.  No sessions were stopped.
jvm 1    | 2018-12-04 00:04:02,316+0000 INFO  [SessionValidationThread-1]  org.apache.shiro.session.mgt.AbstractValidatingSessionManager - Validating all active sessions...
jvm 1    | 2018-12-04 00:04:02,320+0000 INFO  [SessionValidationThread-1]  org.apache.shiro.session.mgt.AbstractValidatingSessionManager - Finished session validation.  No sessions were stopped.
jvm 1    | 2018-12-04 01:04:02,316+0000 INFO  [SessionValidationThread-1]  org.apache.shiro.session.mgt.AbstractValidatingSessionManager - Validating all active sessions...
jvm 1    | 2018-12-04 01:04:02,317+0000 INFO  [SessionValidationThread-1]  org.apache.shiro.session.mgt.AbstractValidatingSessionManager - Finished session validation.  No sessions were stopped.
jvm 1    | 2018-12-04 02:04:02,316+0000 INFO  [SessionValidationThread-1]  org.apache.shiro.session.mgt.AbstractValidatingSessionManager - Validating all active sessions...
jvm 1    | 2018-12-04 02:04:02,317+0000 INFO  [SessionValidationThread-1]  org.apache.shiro.session.mgt.AbstractValidatingSessionManager - Finished session validation.  No sessions were stopped.
jvm 1    | 2018-12-04 03:04:02,316+0000 INFO  [SessionValidationThread-1]  org.apache.shiro.session.mgt.AbstractValidatingSessionManager - Validating all active sessions...
jvm 1    | 2018-12-04 03:04:02,317+0000 INFO  [SessionValidationThread-1]  org.apache.shiro.session.mgt.AbstractValidatingSessionManager - Finished session validation.  No sessions were stopped.
jvm 1    | 2018-12-04 04:04:02,316+0000 INFO  [SessionValidationThread-1]  org.apache.shiro.session.mgt.AbstractValidatingSessionManager - Validating all active sessions...
jvm 1    | 2018-12-04 04:04:02,317+0000 INFO  [SessionValidationThread-1]  org.apache.shiro.session.mgt.AbstractValidatingSessionManager - Finished session validation.  No sessions were stopped.
jvm 1    | 2018-12-04 05:04:02,316+0000 INFO  [SessionValidationThread-1]  org.apache.shiro.session.mgt.AbstractValidatingSessionManager - Validating all active sessions...
jvm 1    | 2018-12-04 05:04:02,317+0000 INFO  [SessionValidationThread-1]  org.apache.shiro.session.mgt.AbstractValidatingSessionManager - Finished session validation.  No sessions were stopped.
jvm 1    | 2018-12-04 06:04:02,316+0000 INFO  [SessionValidationThread-1]  org.apache.shiro.session.mgt.AbstractValidatingSessionManager - Validating all active sessions...
jvm 1    | 2018-12-04 06:04:02,317+0000 INFO  [SessionValidationThread-1]  org.apache.shiro.session.mgt.AbstractValidatingSessionManager - Finished session validation.  No sessions were stopped.
jvm 1    | 2018-12-04 07:04:02,316+0000 INFO  [SessionValidationThread-1]  org.apache.shiro.session.mgt.AbstractValidatingSessionManager - Validating all active sessions...
jvm 1    | 2018-12-04 07:04:02,317+0000 INFO  [SessionValidationThread-1]  org.apache.shiro.session.mgt.AbstractValidatingSessionManager - Finished session validation.  No sessions were stopped.
jvm 1    | 2018-12-04 08:04:02,316+0000 INFO  [SessionValidationThread-1]  org.apache.shiro.session.mgt.AbstractValidatingSessionManager - Validating all active sessions...
jvm 1    | 2018-12-04 08:04:02,317+0000 INFO  [SessionValidationThread-1]  org.apache.shiro.session.mgt.AbstractValidatingSessionManager - Finished session validation.  No sessions were stopped.
jvm 1    | 2018-12-04 09:04:02,316+0000 INFO  [SessionValidationThread-1]  org.apache.shiro.session.mgt.AbstractValidatingSessionManager - Validating all active sessions...
jvm 1    | 2018-12-04 09:04:02,317+0000 INFO  [SessionValidationThread-1]  org.apache.shiro.session.mgt.AbstractValidatingSessionManager - Finished session validation.  No sessions were stopped.
jvm 1    | 2018-12-04 10:04:02,316+0000 INFO  [SessionValidationThread-1]  org.apache.shiro.session.mgt.AbstractValidatingSessionManager - Validating all active sessions...
jvm 1    | 2018-12-04 10:04:02,317+0000 INFO  [SessionValidationThread-1]  org.apache.shiro.session.mgt.AbstractValidatingSessionManager - Finished session validation.  No sessions were stopped.
jvm 1    | 2018-12-04 11:04:02,316+0000 INFO  [SessionValidationThread-1]  org.apache.shiro.session.mgt.AbstractValidatingSessionManager - Validating all active sessions...
jvm 1    | 2018-12-04 11:04:02,317+0000 INFO  [SessionValidationThread-1]  org.apache.shiro.session.mgt.AbstractValidatingSessionManager - Finished session validation.  No sessions were stopped.
jvm 1    | 2018-12-04 11:49:36,087+0000 INFO  [qtp926547427-58] admin org.sonatype.nexus.configuration.application.DefaultNexusConfiguration - Applying Nexus Configuration due to changes in [Releases] made by admin...
jvm 1    | 2018-12-04 11:50:08,014+0000 INFO  [qtp926547427-55] admin org.sonatype.nexus.configuration.application.DefaultNexusConfiguration - Applying Nexus Configuration due to changes in [Releases] made by admin...
jvm 1    | 2018-12-04 12:04:02,316+0000 INFO  [SessionValidationThread-1]  org.apache.shiro.session.mgt.AbstractValidatingSessionManager - Validating all active sessions...
jvm 1    | 2018-12-04 12:04:02,317+0000 INFO  [SessionValidationThread-1]  org.apache.shiro.session.mgt.AbstractValidatingSessionManager - Finished session validation.  No sessions were stopped.
jvm 1    | 2018-12-04 13:04:02,316+0000 INFO  [SessionValidationThread-1]  org.apache.shiro.session.mgt.AbstractValidatingSessionManager - Validating all active sessions...
jvm 1    | 2018-12-04 13:04:02,317+0000 INFO  [SessionValidationThread-1]  org.apache.shiro.session.mgt.AbstractValidatingSessionManager - Finished session validation.  [1] sessions were stopped.
jvm 1    | 2018-12-04 14:04:02,316+0000 INFO  [SessionValidationThread-1]  org.apache.shiro.session.mgt.AbstractValidatingSessionManager - Validating all active sessions...
jvm 1    | 2018-12-04 14:04:02,317+0000 INFO  [SessionValidationThread-1]  org.apache.shiro.session.mgt.AbstractValidatingSessionManager - Finished session validation.  No sessions were stopped.
jvm 1    | 2018-12-04 15:04:02,316+0000 INFO  [SessionValidationThread-1]  org.apache.shiro.session.mgt.AbstractValidatingSessionManager - Validating all active sessions...
jvm 1    | 2018-12-04 15:04:02,317+0000 INFO  [SessionValidationThread-1]  org.apache.shiro.session.mgt.AbstractValidatingSessionManager - Finished session validation.  No sessions were stopped.
jvm 1    | 2018-12-04 16:04:02,316+0000 INFO  [SessionValidationThread-1]  org.apache.shiro.session.mgt.AbstractValidatingSessionManager - Validating all active sessions...
jvm 1    | 2018-12-04 16:04:02,317+0000 INFO  [SessionValidationThread-1]  org.apache.shiro.session.mgt.AbstractValidatingSessionManager - Finished session validation.  No sessions were stopped.
jvm 1    | 2018-12-04 17:04:02,316+0000 INFO  [SessionValidationThread-1]  org.apache.shiro.session.mgt.AbstractValidatingSessionManager - Validating all active sessions...
jvm 1    | 2018-12-04 17:04:02,317+0000 INFO  [SessionValidationThread-1]  org.apache.shiro.session.mgt.AbstractValidatingSessionManager - Finished session validation.  No sessions were stopped.
jvm 1    | 2018-12-04 18:04:02,316+0000 INFO  [SessionValidationThread-1]  org.apache.shiro.session.mgt.AbstractValidatingSessionManager - Validating all active sessions...
jvm 1    | 2018-12-04 18:04:02,317+0000 INFO  [SessionValidationThread-1]  org.apache.shiro.session.mgt.AbstractValidatingSessionManager - Finished session validation.  No sessions were stopped.
jvm 1    | 2018-12-04 19:04:02,316+0000 INFO  [SessionValidationThread-1]  org.apache.shiro.session.mgt.AbstractValidatingSessionManager - Validating all active sessions...
jvm 1    | 2018-12-04 19:04:02,317+0000 INFO  [SessionValidationThread-1]  org.apache.shiro.session.mgt.AbstractValidatingSessionManager - Finished session validation.  No sessions were stopped.
jvm 1    | 2018-12-04 20:04:02,316+0000 INFO  [SessionValidationThread-1]  org.apache.shiro.session.mgt.AbstractValidatingSessionManager - Validating all active sessions...
jvm 1    | 2018-12-04 20:04:02,317+0000 INFO  [SessionValidationThread-1]  org.apache.shiro.session.mgt.AbstractValidatingSessionManager - Finished session validation.  No sessions were stopped.
jvm 1    | 2018-12-04 21:04:02,316+0000 INFO  [SessionValidationThread-1]  org.apache.shiro.session.mgt.AbstractValidatingSessionManager - Validating all active sessions...
jvm 1    | 2018-12-04 21:04:02,317+0000 INFO  [SessionValidationThread-1]  org.apache.shiro.session.mgt.AbstractValidatingSessionManager - Finished session validation.  No sessions were stopped.
jvm 1    | 2018-12-04 22:04:02,316+0000 INFO  [SessionValidationThread-1]  org.apache.shiro.session.mgt.AbstractValidatingSessionManager - Validating all active sessions...
jvm 1    | 2018-12-04 22:04:02,317+0000 INFO  [SessionValidationThread-1]  org.apache.shiro.session.mgt.AbstractValidatingSessionManager - Finished session validation.  No sessions were stopped.
jvm 1    | 2018-12-04 23:04:02,316+0000 INFO  [SessionValidationThread-1]  org.apache.shiro.session.mgt.AbstractValidatingSessionManager - Validating all active sessions...
jvm 1    | 2018-12-04 23:04:02,317+0000 INFO  [SessionValidationThread-1]  org.apache.shiro.session.mgt.AbstractValidatingSessionManager - Finished session validation.  No sessions were stopped.
jvm 1    | 2018-12-05 00:04:02,316+0000 INFO  [SessionValidationThread-1]  org.apache.shiro.session.mgt.AbstractValidatingSessionManager - Validating all active sessions...
jvm 1    | 2018-12-05 00:04:02,318+0000 INFO  [SessionValidationThread-1]  org.apache.shiro.session.mgt.AbstractValidatingSessionManager - Finished session validation.  No sessions were stopped.
jvm 1    | 2018-12-05 01:04:02,316+0000 INFO  [SessionValidationThread-1]  org.apache.shiro.session.mgt.AbstractValidatingSessionManager - Validating all active sessions...
jvm 1    | 2018-12-05 01:04:02,317+0000 INFO  [SessionValidationThread-1]  org.apache.shiro.session.mgt.AbstractValidatingSessionManager - Finished session validation.  No sessions were stopped.
jvm 1    | 2018-12-05 02:04:02,316+0000 INFO  [SessionValidationThread-1]  org.apache.shiro.session.mgt.AbstractValidatingSessionManager - Validating all active sessions...
jvm 1    | 2018-12-05 02:04:02,317+0000 INFO  [SessionValidationThread-1]  org.apache.shiro.session.mgt.AbstractValidatingSessionManager - Finished session validation.  No sessions were stopped.
jvm 1    | 2018-12-05 03:04:02,316+0000 INFO  [SessionValidationThread-1]  org.apache.shiro.session.mgt.AbstractValidatingSessionManager - Validating all active sessions...
jvm 1    | 2018-12-05 03:04:02,317+0000 INFO  [SessionValidationThread-1]  org.apache.shiro.session.mgt.AbstractValidatingSessionManager - Finished session validation.  No sessions were stopped.
jvm 1    | 2018-12-05 04:04:02,316+0000 INFO  [SessionValidationThread-1]  org.apache.shiro.session.mgt.AbstractValidatingSessionManager - Validating all active sessions...
jvm 1    | 2018-12-05 04:04:02,317+0000 INFO  [SessionValidationThread-1]  org.apache.shiro.session.mgt.AbstractValidatingSessionManager - Finished session validation.  No sessions were stopped.
jvm 1    | 2018-12-05 05:04:02,316+0000 INFO  [SessionValidationThread-1]  org.apache.shiro.session.mgt.AbstractValidatingSessionManager - Validating all active sessions...
jvm 1    | 2018-12-05 05:04:02,317+0000 INFO  [SessionValidationThread-1]  org.apache.shiro.session.mgt.AbstractValidatingSessionManager - Finished session validation.  No sessions were stopped.
